<?xml version="1.0" encoding="UTF-8"?>
<testsuite xmlns:xsi="http://www.w3.org/2001/XMLSchema-instance" xsi:noNamespaceSchemaLocation="https://maven.apache.org/surefire/maven-surefire-plugin/xsd/surefire-test-report-3.0.xsd" version="3.0" name="TestSuite" time="37.254" tests="1" errors="0" skipped="0" failures="0">
  <properties>
[...]
</properties>
  <testcase name="method" classname="com.testCases.TC_006" time="36.29">
    <system-out><![CDATA[Vite + React
https://color-vision-vercel.vercel.app/
Plate Attribute Value: Plate 4
plate no converted to number  =3
Span No: 3
==========Clicked on matched radio option=============
Plate Attribute Value: Plate 10
plate no converted to number  =9
Span No: 2
Span No: 9
==========Clicked on matched radio option=============
Plate Attribute Value: Plate 8
plate no converted to number  =6
Span No: 3
Span No: 7
Span No: 6
==========Clicked on matched radio option=============
Plate Attribute Value: Plate 19
plate no converted to number  =6
Span No: 9
Span No: 6
==========Clicked on matched radio option=============
Plate Attribute Value: Plate 15
plate no converted to number  =4
Span No: 4
==========Clicked on matched radio option=============
Plate Attribute Value: Plate 12
plate no converted to number  =1
Span No: 7
Span No: 5
Span No: 1
==========Clicked on matched radio option=============
Plate Attribute Value: Plate 1
plate no converted to number  =1
Span No: 2
Span No: 1
==========Clicked on matched radio option=============
Plate Attribute Value: Plate 23
plate no converted to number  =8
Span No: 8
==========Clicked on matched radio option=============
Plate Attribute Value: Plate 3
plate no converted to number  =2
Span No: 9
Span No: 1
Span No: 2
==========Clicked on matched radio option=============
Plate Attribute Value: Plate 5
plate no converted to number  =4
Span No: 7
Span No: 8
Span No: 4
==========Clicked on matched radio option=============
Plate Attribute Value: Plate 22
plate no converted to number  =7
Span No: 8
Span No: 7
==========Clicked on matched radio option=============
Plate Attribute Value: Plate 11
plate no converted to number  =1
Span No: 4
Span No: 1
==========Clicked on matched radio option=============
Plate Attribute Value: Plate 18
plate no converted to number  =6
Span No: 6
==========Clicked on matched radio option=============
Plate Attribute Value: Plate 24
plate no converted to number  =9
Span No: 9
==========Clicked on matched radio option=============
Plate Attribute Value: Plate 13
plate no converted to number  =2
Span No: 2
==========Clicked on matched radio option=============
Plate Attribute Value: Plate 20
plate no converted to number  =7
Span No: 8
Span No: 2
Span No: 7
==========Clicked on matched radio option=============
Plate Attribute Value: Plate 9
plate no converted to number  =7
Span No: 2
Span No: 7
==========Clicked on matched radio option=============
Plate Attribute Value: Plate 16
plate no converted to number  =5
Span No: 5
==========Clicked on matched radio option=============
Plate Attribute Value: Plate 6
plate no converted to number  =4
Span No: 4
==========Clicked on matched radio option=============
Plate Attribute Value: Plate 2
plate no converted to number  =1
Span No: 6
Span No: 4
Span No: 1
==========Clicked on matched radio option=============
Plate Attribute Value: Plate 7
plate no converted to number  =5
Span No: 0
Span No: 7
Span No: 5
==========Clicked on matched radio option=============
Plate Attribute Value: Plate 17
plate no converted to number  =5
Span No: 5
==========Clicked on matched radio option=============
Plate Attribute Value: Plate 14
plate no converted to number  =3
Span No: 8
Span No: 3
==========Clicked on matched radio option=============
result page : Test complete! Your score: 23 out of 23
]]></system-out>
    <system-err><![CDATA[SLF4J(W): No SLF4J providers were found.
SLF4J(W): Defaulting to no-operation (NOP) logger implementation
SLF4J(W): See https://www.slf4j.org/codes.html#noProviders for further details.
Jan 20, 2025 11:06:38 AM org.openqa.selenium.devtools.CdpVersionFinder findNearestMatch
WARNING: Unable to find an exact match for CDP version 131, returning the closest version; found: 129; Please update to a Selenium version that supports CDP version 131
]]></system-err>
  </testcase>
</testsuite>