<?xml version="1.0" encoding="UTF-8"?>
<testng-results ignored="0" total="1" passed="1" failed="0" skipped="0">
  <reporter-output>
  </reporter-output>
  <suite started-at="2025-01-20T11:06:36 IST" name="Suite" finished-at="2025-01-20T11:07:12 IST" duration-ms="36337">
    <groups>
    </groups>
    <test started-at="2025-01-20T11:06:36 IST" name="Test" finished-at="2025-01-20T11:07:12 IST" duration-ms="36337">
      <class name="com.testCases.TC_006">
        <test-method signature="method()[pri:0, instance:com.testCases.TC_006@10e31a9a]" started-at="2025-01-20T11:06:36 IST" name="method" finished-at="2025-01-20T11:07:12 IST" duration-ms="36293" status="PASS">
          <reporter-output>
          </reporter-output>
        </test-method> <!-- method -->
      </class> <!-- com.testCases.TC_006 -->
    </test> <!-- Test -->
  </suite> <!-- Suite -->
</testng-results>
