<?xml version="1.0" encoding="UTF-8"?>
<testng-results ignored="0" total="1" passed="1" failed="0" skipped="0">
  <reporter-output>
  </reporter-output>
  <suite started-at="2025-01-20T10:56:31 IST" name="Suite" finished-at="2025-01-20T10:57:04 IST" duration-ms="33173">
    <groups>
    </groups>
    <test started-at="2025-01-20T10:56:31 IST" name="Test" finished-at="2025-01-20T10:57:04 IST" duration-ms="33173">
      <class name="com.testCases.TC_006">
        <test-method signature="method()[pri:0, instance:com.testCases.TC_006@ba2f4ec]" started-at="2025-01-20T10:56:31 IST" name="method" finished-at="2025-01-20T10:57:04 IST" duration-ms="33130" status="PASS">
          <reporter-output>
          </reporter-output>
        </test-method> <!-- method -->
      </class> <!-- com.testCases.TC_006 -->
    </test> <!-- Test -->
  </suite> <!-- Suite -->
</testng-results>
